{"meta": {"format": 3, "version": "7.16.1", "timestamp": "2026-09-16T04:31:47.989164", "branch_coverage": true, "show_contexts": false}, "files": {"generate_assets_data.py": {"executed_lines": [1, 2, 3, 4, 5, 7, 8, 9, 10, 11, 12, 13, 18, 19, 20, 21, 22, 25, 26, 27, 30, 31, 34, 35, 36, 37, 39, 40, 48, 49, 50, 52, 53, 55, 56, 58, 61, 69, 70, 73, 74, 77, 78, 81, 82, 85, 87, 94, 95, 96, 97, 98, 100, 103, 104, 105, 107, 108, 109, 110, 112, 113, 114, 118, 119, 120, 122, 123, 124, 126, 127, 129, 130, 131, 133, 134, 135, 136, 138, 140, 143, 144, 145, 147, 148, 150, 151, 152, 154, 155, 157, 158, 165, 166, 167, 169, 170, 172, 180, 181, 183, 184, 185, 188, 189, 192, 193, 197, 200, 202, 204, 205, 206, 207, 208, 210, 211, 212, 213, 215, 216, 220, 221, 224, 225, 229, 230, 235, 238, 239, 240, 242, 253, 254, 256, 259, 260, 263, 268, 271, 272, 273, 276, 277, 278, 279, 281, 286, 287, 288, 290, 291, 292, 293, 295, 296, 297, 298, 300, 302, 303, 304, 306, 307, 308, 309, 311, 313, 319], "summary": {"covered_lines": 169, "num_statements": 182, "percent_covered": 89.55223880597015, "percent_covered_display": "90", "missing_lines": 13, "excluded_lines": 0, "percent_statements_covered": 92.85714285714286, "percent_statements_covered_display": "93", "num_branches": 86, "num_partial_branches": 13, "covered_branches": 71, "missing_branches": 15, "percent_branches_covered": 82.55813953488372, "percent_branches_covered_display": "83"}, "missing_lines": [59, 71, 75, 79, 83, 115, 116, 186, 282, 283, 284, 320, 322], "excluded_lines": [], "executed_branches": [[36, 37], [36, 39], [49, 50], [52, 53], [52, 55], [58, 61], [70, 73], [74, 77], [78, 81], [82, 85], [95, 96], [95, 97], [97, 98], [97, 100], [104, 105], [112, 113], [112, 140], [114, 118], [118, 119], [118, 122], [122, 123], [122, 126], [129, 130], [129, 133], [134, 135], [134, 138], [144, 145], [150, 151], [150, 172], [154, 155], [154, 157], [165, 166], [165, 169], [166, 167], [183, 184], [183, 197], [185, 188], [188, 189], [188, 192], [192, 183], [192, 193], [204, 205], [204, 235], [207, 208], [207, 210], [215, 216], [215, 220], [220, 221], [220, 224], [224, 225], [224, 229], [229, 204], [229, 230], [239, 240], [239, 242], [281, 286], [290, 291], [290, 295], [292, 293], [292, 295], [295, 296], [295, 300], [297, 298], [297, 300], [302, 303], [302, 306], [306, 307], [306, 311], [308, 309], [308, 313], [319, -1]], "missing_branches": [[49, 52], [58, 59], [70, 71], [74, 75], [78, 79], [82, 83], [104, 107], [114, 115], [144, 147], [166, 165], [185, 186], [281, 282], [283, 284], [283, 286], [319, 320]], "functions": {"normalize_name": {"executed_lines": [19, 20, 21, 22], "summary": {"covered_lines": 4, "num_statements": 4, "percent_covered": 100.0, "percent_covered_display": "100", "missing_lines": 0, "excluded_lines": 0, "percent_statements_covered": 100.0, "percent_statements_covered_display": "100", "num_branches": 0, "num_partial_branches": 0, "covered_branches": 0, "missing_branches": 0, "percent_branches_covered": 100.0, "percent_branches_covered_display": "100"}, "missing_lines": [], "excluded_lines": [], "start_line": 18, "executed_branches": [], "missing_branches": []}, "format_name": {"executed_lines": [26, 27], "summary": {"covered_lines": 2, "num_statements": 2, "percent_covered": 100.0, "percent_covered_display": "100", "missing_lines": 0, "excluded_lines": 0, "percent_statements_covered": 100.0, "percent_statements_covered_display": "100", "num_branches": 0, "num_partial_branches": 0, "covered_branches": 0, "missing_branches": 0, "percent_branches_covered": 100.0, "percent_branches_covered_display": "100"}, "missing_lines": [], "excluded_lines": [], "start_line": 25, "executed_branches": [], "missing_branches": []}, "normalize_file_path": {"executed_lines": [31], "summary": {"covered_lines": 1, "num_statements": 1, "percent_covered": 100.0, "percent_covered_display": "100", "missing_lines": 0, "excluded_lines": 0, "percent_statements_covered": 100.0, "percent_statements_covered_display": "100", "num_branches": 0, "num_partial_branches": 0, "covered_branches": 0, "missing_branches": 0, "percent_branches_covered": 100.0, "percent_branches_covered_display": "100"}, "missing_lines": [], "excluded_lines": [], "start_line": 30, "executed_branches": [], "missing_branches": []}, "get_file_metadata": {"executed_lines": [35, 36, 37, 39, 40], "summary": {"covered_lines": 5, "num_statements": 5, "percent_covered": 100.0, "percent_covered_display": "100", "missing_lines": 0, "excluded_lines": 0, "percent_statements_covered": 100.0, "percent_statements_covered_display": "100", "num_branches": 2, "num_partial_branches": 0, "covered_branches": 2, "missing_branches": 0, "percent_branches_covered": 100.0, "percent_branches_covered_display": "100"}, "missing_lines": [], "excluded_lines": [], "start_line": 34, "executed_branches": [[36, 37], [36, 39]], "missing_branches": []}, "load_assets": {"executed_lines": [49, 50, 52, 53, 55, 56, 58, 61], "summary": {"covered_lines": 8, "num_statements": 9, "percent_covered": 80.0, "percent_covered_display": "80", "missing_lines": 1, "excluded_lines": 0, "percent_statements_covered": 88.88888888888889, "percent_statements_covered_display": "89", "num_branches": 6, "num_partial_branches": 2, "covered_branches": 4, "missing_branches": 2, "percent_branches_covered": 66.66666666666667, "percent_branches_covered_display": "67"}, "missing_lines": [59], "excluded_lines": [], "start_line": 48, "executed_branches": [[49, 50], [52, 53], [52, 55], [58, 61]], "missing_branches": [[49, 52], [58, 59]]}, "normalize_asset": {"executed_lines": [70, 73, 74, 77, 78, 81, 82, 85, 87, 94, 95, 96, 97, 98, 100], "summary": {"covered_lines": 15, "num_statements": 19, "percent_covered": 74.19354838709677, "percent_covered_display": "74", "missing_lines": 4, "excluded_lines": 0, "percent_statements_covered": 78.94736842105263, "percent_statements_covered_display": "79", "num_branches": 12, "num_partial_branches": 4, "covered_branches": 8, "missing_branches": 4, "percent_branches_covered": 66.66666666666667, "percent_branches_covered_display": "67"}, "missing_lines": [71, 75, 79, 83], "excluded_lines": [], "start_line": 69, "executed_branches": [[70, 73], [74, 77], [78, 81], [82, 85], [95, 96], [95, 97], [97, 98], [97, 100]], "missing_branches": [[70, 71], [74, 75], [78, 79], [82, 83]]}, "validate_assets": {"executed_lines": [104, 105, 107, 108, 109, 110, 112, 113, 114, 118, 119, 120, 122, 123, 124, 126, 127, 129, 130, 131, 133, 134, 135, 136, 138, 140], "summary": {"covered_lines": 26, "num_statements": 28, "percent_covered": 90.47619047619048, "percent_covered_display": "90", "missing_lines": 2, "excluded_lines": 0, "percent_statements_covered": 92.85714285714286, "percent_statements_covered_display": "93", "num_branches": 14, "num_partial_branches": 2, "covered_branches": 12, "missing_branches": 2, "percent_branches_covered": 85.71428571428571, "percent_branches_covered_display": "86"}, "missing_lines": [115, 116], "excluded_lines": [], "start_line": 103, "executed_branches": [[104, 105], [112, 113], [112, 140], [114, 118], [118, 119], [118, 122], [122, 123], [122, 126], [129, 130], [129, 133], [134, 135], [134, 138]], "missing_branches": [[104, 107], [114, 115]]}, "collect_new_assets": {"executed_lines": [144, 145, 147, 148, 150, 151, 152, 154, 155, 157, 158, 165, 166, 167, 169, 170, 172], "summary": {"covered_lines": 17, "num_statements": 17, "percent_covered": 92.5925925925926, "percent_covered_display": "93", "missing_lines": 0, "excluded_lines": 0, "percent_statements_covered": 100.0, "percent_statements_covered_display": "100", "num_branches": 10, "num_partial_branches": 2, "covered_branches": 8, "missing_branches": 2, "percent_branches_covered": 80.0, "percent_branches_covered_display": "80"}, "missing_lines": [], "excluded_lines": [], "start_line": 143, "executed_branches": [[144, 145], [150, 151], [150, 172], [154, 155], [154, 157], [165, 166], [165, 169], [166, 167]], "missing_branches": [[144, 147], [166, 165]]}, "warn_large_files": {"executed_lines": [181, 183, 184, 185, 188, 189, 192, 193, 197], "summary": {"covered_lines": 9, "num_statements": 10, "percent_covered": 88.88888888888889, "percent_covered_display": "89", "missing_lines": 1, "excluded_lines": 0, "percent_statements_covered": 90.0, "percent_statements_covered_display": "90", "num_branches": 8, "num_partial_branches": 1, "covered_branches": 7, "missing_branches": 1, "percent_branches_covered": 87.5, "percent_branches_covered_display": "88"}, "missing_lines": [186], "excluded_lines": [], "start_line": 180, "executed_branches": [[183, 184], [183, 197], [185, 188], [188, 189], [188, 192], [192, 183], [192, 193]], "missing_branches": [[185, 186]]}, "check_size_policy": {"executed_lines": [202, 204, 205, 206, 207, 208, 210, 211, 212, 213, 215, 216, 220, 221, 224, 225, 229, 230, 235], "summary": {"covered_lines": 19, "num_statements": 19, "percent_covered": 100.0, "percent_covered_display": "100", "missing_lines": 0, "excluded_lines": 0, "percent_statements_covered": 100.0, "percent_statements_covered_display": "100", "num_branches": 12, "num_partial_branches": 0, "covered_branches": 12, "missing_branches": 0, "percent_branches_covered": 100.0, "percent_branches_covered_display": "100"}, "missing_lines": [], "excluded_lines": [], "start_line": 200, "executed_branches": [[204, 205], [204, 235], [207, 208], [207, 210], [215, 216], [215, 220], [220, 221], [220, 224], [224, 225], [224, 229], [229, 204], [229, 230]], "missing_branches": []}, "generate_report": {"executed_lines": [239, 240, 242, 253, 254, 256], "summary": {"covered_lines": 6, "num_statements": 6, "percent_covered": 100.0, "percent_covered_display": "100", "missing_lines": 0, "excluded_lines": 0, "percent_statements_covered": 100.0, "percent_statements_covered_display": "100", "num_branches": 2, "num_partial_branches": 0, "covered_branches": 2, "missing_branches": 0, "percent_branches_covered": 100.0, "percent_branches_covered_display": "100"}, "missing_lines": [], "excluded_lines": [], "start_line": 238, "executed_branches": [[239, 240], [239, 242]], "missing_branches": []}, "parse_args": {"executed_lines": [260, 263, 268], "summary": {"covered_lines": 3, "num_statements": 3, "percent_covered": 100.0, "percent_covered_display": "100", "missing_lines": 0, "excluded_lines": 0, "percent_statements_covered": 100.0, "percent_statements_covered_display": "100", "num_branches": 0, "num_partial_branches": 0, "covered_branches": 0, "missing_branches": 0, "percent_branches_covered": 100.0, "percent_branches_covered_display": "100"}, "missing_lines": [], "excluded_lines": [], "start_line": 259, "executed_branches": [], "missing_branches": []}, "persist_assets": {"executed_lines": [272, 273], "summary": {"covered_lines": 2, "num_statements": 2, "percent_covered": 100.0, "percent_covered_display": "100", "missing_lines": 0, "excluded_lines": 0, "percent_statements_covered": 100.0, "percent_statements_covered_display": "100", "num_branches": 0, "num_partial_branches": 0, "covered_branches": 0, "missing_branches": 0, "percent_branches_covered": 100.0, "percent_branches_covered_display": "100"}, "missing_lines": [], "excluded_lines": [], "start_line": 271, "executed_branches": [], "missing_branches": []}, "main": {"executed_lines": [277, 278, 279, 281, 286, 287, 288, 290, 291, 292, 293, 295, 296, 297, 298, 300, 302, 303, 304, 306, 307, 308, 309, 311, 313], "summary": {"covered_lines": 25, "num_statements": 28, "percent_covered": 86.95652173913044, "percent_covered_display": "87", "missing_lines": 3, "excluded_lines": 0, "percent_statements_covered": 89.28571428571429, "percent_statements_covered_display": "89", "num_branches": 18, "num_partial_branches": 1, "covered_branches": 15, "missing_branches": 3, "percent_branches_covered": 83.33333333333333, "percent_branches_covered_display": "83"}, "missing_lines": [282, 283, 284], "excluded_lines": [], "start_line": 276, "executed_branches": [[281, 286], [290, 291], [290, 295], [292, 293], [292, 295], [295, 296], [295, 300], [297, 298], [297, 300], [302, 303], [302, 306], [306, 307], [306, 311], [308, 309], [308, 313]], "missing_branches": [[281, 282], [283, 284], [283, 286]]}, "": {"executed_lines": [1, 2, 3, 4, 5, 7, 8, 9, 10, 11, 12, 13, 18, 25, 30, 34, 48, 69, 103, 143, 180, 200, 238, 259, 271, 276, 319], "summary": {"covered_lines": 27, "num_statements": 29, "percent_covered": 90.3225806451613, "percent_covered_display": "90", "missing_lines": 2, "excluded_lines": 0, "percent_statements_covered": 93.10344827586206, "percent_statements_covered_display": "93", "num_branches": 2, "num_partial_branches": 1, "covered_branches": 1, "missing_branches": 1, "percent_branches_covered": 50.0, "percent_branches_covered_display": "50"}, "missing_lines": [320, 322], "excluded_lines": [], "start_line": 1, "executed_branches": [[319, -1]], "missing_branches": [[319, 320]]}}, "classes": {"": {"executed_lines": [1, 2, 3, 4, 5, 7, 8, 9, 10, 11, 12, 13, 18, 19, 20, 21, 22, 25, 26, 27, 30, 31, 34, 35, 36, 37, 39, 40, 48, 49, 50, 52, 53, 55, 56, 58, 61, 69, 70, 73, 74, 77, 78, 81, 82, 85, 87, 94, 95, 96, 97, 98, 100, 103, 104, 105, 107, 108, 109, 110, 112, 113, 114, 118, 119, 120, 122, 123, 124, 126, 127, 129, 130, 131, 133, 134, 135, 136, 138, 140, 143, 144, 145, 147, 148, 150, 151, 152, 154, 155, 157, 158, 165, 166, 167, 169, 170, 172, 180, 181, 183, 184, 185, 188, 189, 192, 193, 197, 200, 202, 204, 205, 206, 207, 208, 210, 211, 212, 213, 215, 216, 220, 221, 224, 225, 229, 230, 235, 238, 239, 240, 242, 253, 254, 256, 259, 260, 263, 268, 271, 272, 273, 276, 277, 278, 279, 281, 286, 287, 288, 290, 291, 292, 293, 295, 296, 297, 298, 300, 302, 303, 304, 306, 307, 308, 309, 311, 313, 319], "summary": {"covered_lines": 169, "num_statements": 182, "percent_covered": 89.55223880597015, "percent_covered_display": "90", "missing_lines": 13, "excluded_lines": 0, "percent_statements_covered": 92.85714285714286, "percent_statements_covered_display": "93", "num_branches": 86, "num_partial_branches": 13, "covered_branches": 71, "missing_branches": 15, "percent_branches_covered": 82.55813953488372, "percent_branches_covered_display": "83"}, "missing_lines": [59, 71, 75, 79, 83, 115, 116, 186, 282, 283, 284, 320, 322], "excluded_lines": [], "start_line": 1, "executed_branches": [[36, 37], [36, 39], [49, 50], [52, 53], [52, 55], [58, 61], [70, 73], [74, 77], [78, 81], [82, 85], [95, 96], [95, 97], [97, 98], [97, 100], [104, 105], [112, 113], [112, 140], [114, 118], [118, 119], [118, 122], [122, 123], [122, 126], [129, 130], [129, 133], [134, 135], [134, 138], [144, 145], [150, 151], [150, 172], [154, 155], [154, 157], [165, 166], [165, 169], [166, 167], [183, 184], [183, 197], [185, 188], [188, 189], [188, 192], [192, 183], [192, 193], [204, 205], [204, 235], [207, 208], [207, 210], [215, 216], [215, 220], [220, 221], [220, 224], [224, 225], [224, 229], [229, 204], [229, 230], [239, 240], [239, 242], [281, 286], [290, 291], [290, 295], [292, 293], [292, 295], [295, 296], [295, 300], [297, 298], [297, 300], [302, 303], [302, 306], [306, 307], [306, 311], [308, 309], [308, 313], [319, -1]], "missing_branches": [[49, 52], [58, 59], [70, 71], [74, 75], [78, 79], [82, 83], [104, 107], [114, 115], [144, 147], [166, 165], [185, 186], [281, 282], [283, 284], [283, 286], [319, 320]]}}}, "run_automation.py": {"executed_lines": [10, 11, 12, 14, 17, 18, 19, 21, 45, 46, 47, 49, 50, 51, 52, 53, 54, 57, 58, 59, 60, 63, 64, 66, 69, 70, 71, 72, 73, 74, 75, 76, 78, 79, 82], "summary": {"covered_lines": 35, "num_statements": 37, "percent_covered": 92.15686274509804, "percent_covered_display": "92", "missing_lines": 2, "excluded_lines": 0, "percent_statements_covered": 94.5945945945946, "percent_statements_covered_display": "95", "num_branches": 14, "num_partial_branches": 2, "covered_branches": 12, "missing_branches": 2, "percent_branches_covered": 85.71428571428571, "percent_branches_covered_display": "86"}, "missing_lines": [61, 83], "excluded_lines": [], "executed_branches": [[18, 19], [18, 21], [46, 47], [46, 49], [51, 52], [51, 54], [58, 59], [58, 60], [60, 63], [63, 64], [63, 66], [82, -1]], "missing_branches": [[60, 61], [82, 83]], "functions": {"build_steps": {"executed_lines": [18, 19, 21], "summary": {"covered_lines": 3, "num_statements": 3, "percent_covered": 100.0, "percent_covered_display": "100", "missing_lines": 0, "excluded_lines": 0, "percent_statements_covered": 100.0, "percent_statements_covered_display": "100", "num_branches": 2, "num_partial_branches": 0, "covered_branches": 2, "missing_branches": 0, "percent_branches_covered": 100.0, "percent_branches_covered_display": "100"}, "missing_lines": [], "excluded_lines": [], "start_line": 17, "executed_branches": [[18, 19], [18, 21]], "missing_branches": []}, "run_step": {"executed_lines": [46, 47, 49, 50, 51, 52, 53, 54], "summary": {"covered_lines": 8, "num_statements": 8, "percent_covered": 100.0, "percent_covered_display": "100", "missing_lines": 0, "excluded_lines": 0, "percent_statements_covered": 100.0, "percent_statements_covered_display": "100", "num_branches": 4, "num_partial_branches": 0, "covered_branches": 4, "missing_branches": 0, "percent_branches_covered": 100.0, "percent_branches_covered_display": "100"}, "missing_lines": [], "excluded_lines": [], "start_line": 45, "executed_branches": [[46, 47], [46, 49], [51, 52], [51, 54]], "missing_branches": []}, "run_sequence": {"executed_lines": [58, 59, 60, 63, 64, 66], "summary": {"covered_lines": 6, "num_statements": 7, "percent_covered": 84.61538461538461, "percent_covered_display": "85", "missing_lines": 1, "excluded_lines": 0, "percent_statements_covered": 85.71428571428571, "percent_statements_covered_display": "86", "num_branches": 6, "num_partial_branches": 1, "covered_branches": 5, "missing_branches": 1, "percent_branches_covered": 83.33333333333333, "percent_branches_covered_display": "83"}, "missing_lines": [61], "excluded_lines": [], "start_line": 57, "executed_branches": [[58, 59], [58, 60], [60, 63], [63, 64], [63, 66]], "missing_branches": [[60, 61]]}, "main": {"executed_lines": [70, 71, 72, 73, 74, 75, 76, 78, 79], "summary": {"covered_lines": 9, "num_statements": 9, "percent_covered": 100.0, "percent_covered_display": "100", "missing_lines": 0, "excluded_lines": 0, "percent_statements_covered": 100.0, "percent_statements_covered_display": "100", "num_branches": 0, "num_partial_branches": 0, "covered_branches": 0, "missing_branches": 0, "percent_branches_covered": 100.0, "percent_branches_covered_display": "100"}, "missing_lines": [], "excluded_lines": [], "start_line": 69, "executed_branches": [], "missing_branches": []}, "": {"executed_lines": [10, 11, 12, 14, 17, 45, 57, 69, 82], "summary": {"covered_lines": 9, "num_statements": 10, "percent_covered": 83.33333333333333, "percent_covered_display": "83", "missing_lines": 1, "excluded_lines": 0, "percent_statements_covered": 90.0, "percent_statements_covered_display": "90", "num_branches": 2, "num_partial_branches": 1, "covered_branches": 1, "missing_branches": 1, "percent_branches_covered": 50.0, "percent_branches_covered_display": "50"}, "missing_lines": [83], "excluded_lines": [], "start_line": 1, "executed_branches": [[82, -1]], "missing_branches": [[82, 83]]}}, "classes": {"": {"executed_lines": [10, 11, 12, 14, 17, 18, 19, 21, 45, 46, 47, 49, 50, 51, 52, 53, 54, 57, 58, 59, 60, 63, 64, 66, 69, 70, 71, 72, 73, 74, 75, 76, 78, 79, 82], "summary": {"covered_lines": 35, "num_statements": 37, "percent_covered": 92.15686274509804, "percent_covered_display": "92", "missing_lines": 2, "excluded_lines": 0, "percent_statements_covered": 94.5945945945946, "percent_statements_covered_display": "95", "num_branches": 14, "num_partial_branches": 2, "covered_branches": 12, "missing_branches": 2, "percent_branches_covered": 85.71428571428571, "percent_branches_covered_display": "86"}, "missing_lines": [61, 83], "excluded_lines": [], "start_line": 1, "executed_branches": [[18, 19], [18, 21], [46, 47], [46, 49], [51, 52], [51, 54], [58, 59], [58, 60], [60, 63], [63, 64], [63, 66], [82, -1]], "missing_branches": [[60, 61], [82, 83]]}}}, "scripts\\metrics_trend.py": {"executed_lines": [2, 3, 5, 6, 7, 10, 11, 12, 14, 15, 17, 18, 20, 23, 24, 25, 26, 27, 30, 31, 32, 33, 35, 36, 37, 38, 39, 41, 42, 44, 45, 47, 48, 49, 50, 51, 53, 54, 55, 56, 59], "summary": {"covered_lines": 41, "num_statements": 42, "percent_covered": 96.66666666666667, "percent_covered_display": "97", "missing_lines": 1, "excluded_lines": 0, "percent_statements_covered": 97.61904761904762, "percent_statements_covered_display": "98", "num_branches": 18, "num_partial_branches": 1, "covered_branches": 17, "missing_branches": 1, "percent_branches_covered": 94.44444444444444, "percent_branches_covered_display": "94"}, "missing_lines": [60], "excluded_lines": [], "executed_branches": [[11, 12], [11, 14], [17, 18], [17, 20], [24, 25], [24, 26], [32, 33], [32, 35], [36, 37], [36, 41], [38, 36], [38, 39], [41, 42], [41, 44], [48, 49], [48, 53], [59, -1]], "missing_branches": [[59, 60]], "functions": {"load_entries": {"executed_lines": [11, 12, 14, 15, 17, 18, 20], "summary": {"covered_lines": 7, "num_statements": 7, "percent_covered": 100.0, "percent_covered_display": "100", "missing_lines": 0, "excluded_lines": 0, "percent_statements_covered": 100.0, "percent_statements_covered_display": "100", "num_branches": 4, "num_partial_branches": 0, "covered_branches": 4, "missing_branches": 0, "percent_branches_covered": 100.0, "percent_branches_covered_display": "100"}, "missing_lines": [], "excluded_lines": [], "start_line": 10, "executed_branches": [[11, 12], [11, 14], [17, 18], [17, 20]], "missing_branches": []}, "make_bar": {"executed_lines": [24, 25, 26, 27], "summary": {"covered_lines": 4, "num_statements": 4, "percent_covered": 100.0, "percent_covered_display": "100", "missing_lines": 0, "excluded_lines": 0, "percent_statements_covered": 100.0, "percent_statements_covered_display": "100", "num_branches": 2, "num_partial_branches": 0, "covered_branches": 2, "missing_branches": 0, "percent_branches_covered": 100.0, "percent_branches_covered_display": "100"}, "missing_lines": [], "excluded_lines": [], "start_line": 23, "executed_branches": [[24, 25], [24, 26]], "missing_branches": []}, "main": {"executed_lines": [31, 32, 33, 35, 36, 37, 38, 39, 41, 42, 44, 45, 47, 48, 49, 50, 51, 53, 54, 55, 56], "summary": {"covered_lines": 21, "num_statements": 21, "percent_covered": 100.0, "percent_covered_display": "100", "missing_lines": 0, "excluded_lines": 0, "percent_statements_covered": 100.0, "percent_statements_covered_display": "100", "num_branches": 10, "num_partial_branches": 0, "covered_branches": 10, "missing_branches": 0, "percent_branches_covered": 100.0, "percent_branches_covered_display": "100"}, "missing_lines": [], "excluded_lines": [], "start_line": 30, "executed_branches": [[32, 33], [32, 35], [36, 37], [36, 41], [38, 36], [38, 39], [41, 42], [41, 44], [48, 49], [48, 53]], "missing_branches": []}, "": {"executed_lines": [2, 3, 5, 6, 7, 10, 23, 30, 59], "summary": {"covered_lines": 9, "num_statements": 10, "percent_covered": 83.33333333333333, "percent_covered_display": "83", "missing_lines": 1, "excluded_lines": 0, "percent_statements_covered": 90.0, "percent_statements_covered_display": "90", "num_branches": 2, "num_partial_branches": 1, "covered_branches": 1, "missing_branches": 1, "percent_branches_covered": 50.0, "percent_branches_covered_display": "50"}, "missing_lines": [60], "excluded_lines": [], "start_line": 1, "executed_branches": [[59, -1]], "missing_branches": [[59, 60]]}}, "classes": {"": {"executed_lines": [2, 3, 5, 6, 7, 10, 11, 12, 14, 15, 17, 18, 20, 23, 24, 25, 26, 27, 30, 31, 32, 33, 35, 36, 37, 38, 39, 41, 42, 44, 45, 47, 48, 49, 50, 51, 53, 54, 55, 56, 59], "summary": {"covered_lines": 41, "num_statements": 42, "percent_covered": 96.66666666666667, "percent_covered_display": "97", "missing_lines": 1, "excluded_lines": 0, "percent_statements_covered": 97.61904761904762, "percent_statements_covered_display": "98", "num_branches": 18, "num_partial_branches": 1, "covered_branches": 17, "missing_branches": 1, "percent_branches_covered": 94.44444444444444, "percent_branches_covered_display": "94"}, "missing_lines": [60], "excluded_lines": [], "start_line": 1, "executed_branches": [[11, 12], [11, 14], [17, 18], [17, 20], [24, 25], [24, 26], [32, 33], [32, 35], [36, 37], [36, 41], [38, 36], [38, 39], [41, 42], [41, 44], [48, 49], [48, 53], [59, -1]], "missing_branches": [[59, 60]]}}}, "scripts\\record_metrics.py": {"executed_lines": [12, 13, 14, 15, 16, 17, 18, 19, 21, 22, 23, 24, 27, 33, 34, 35, 36, 37, 38, 40, 41, 42, 44, 47, 48, 51, 52, 54, 55, 56, 57, 58, 65, 68, 69, 72, 73, 74, 78, 85, 86, 89, 90, 105, 107, 108, 110, 114, 115, 118, 121, 124, 125, 126, 127, 128, 133, 136, 144, 145, 149, 150, 151, 152, 154, 155, 156, 157, 159, 162, 174, 176, 177, 178, 180, 181, 190, 192, 193, 194, 196, 199], "summary": {"covered_lines": 82, "num_statements": 101, "percent_covered": 75.18796992481202, "percent_covered_display": "75", "missing_lines": 19, "excluded_lines": 0, "percent_statements_covered": 81.18811881188118, "percent_statements_covered_display": "81", "num_branches": 32, "num_partial_branches": 10, "covered_branches": 18, "missing_branches": 14, "percent_branches_covered": 56.25, "percent_branches_covered_display": "56"}, "missing_lines": [28, 29, 30, 49, 70, 75, 76, 111, 129, 130, 147, 182, 183, 184, 185, 186, 187, 188, 200], "excluded_lines": [], "executed_branches": [[37, 38], [41, 42], [41, 44], [48, 51], [57, 58], [57, 65], [69, 72], [110, 114], [127, 128], [144, 145], [149, 150], [151, 152], [151, 154], [154, 155], [156, 157], [156, 159], [181, 190], [199, -1]], "missing_branches": [[28, 29], [28, 30], [37, 40], [48, 49], [69, 70], [110, 111], [127, 133], [144, 147], [149, 154], [154, 159], [181, 182], [185, 186], [185, 192], [199, 200]], "functions": {"run_cmd": {"executed_lines": [], "summary": {"covered_lines": 0, "num_statements": 3, "percent_covered": 0.0, "percent_covered_display": "0", "missing_lines": 3, "excluded_lines": 0, "percent_statements_covered": 0.0, "percent_statements_covered_display": "0", "num_branches": 2, "num_partial_branches": 0, "covered_branches": 0, "missing_branches": 2, "percent_branches_covered": 0.0, "percent_branches_covered_display": "0"}, "missing_lines": [28, 29, 30], "excluded_lines": [], "start_line": 27, "executed_branches": [], "missing_branches": [[28, 29], [28, 30]]}, "parse_test_summary": {"executed_lines": [34, 35, 36, 37, 38, 40, 41, 42, 44], "summary": {"covered_lines": 9, "num_statements": 9, "percent_covered": 92.3076923076923, "percent_covered_display": "92", "missing_lines": 0, "excluded_lines": 0, "percent_statements_covered": 100.0, "percent_statements_covered_display": "100", "num_branches": 4, "num_partial_branches": 1, "covered_branches": 3, "missing_branches": 1, "percent_branches_covered": 75.0, "percent_branches_covered_display": "75"}, "missing_lines": [], "excluded_lines": [], "start_line": 33, "executed_branches": [[37, 38], [41, 42], [41, 44]], "missing_branches": [[37, 40]]}, "load_coverage_summary": {"executed_lines": [48, 51, 52, 54, 55, 56, 57, 58, 65], "summary": {"covered_lines": 9, "num_statements": 10, "percent_covered": 85.71428571428571, "percent_covered_display": "86", "missing_lines": 1, "excluded_lines": 0, "percent_statements_covered": 90.0, "percent_statements_covered_display": "90", "num_branches": 4, "num_partial_branches": 1, "covered_branches": 3, "missing_branches": 1, "percent_branches_covered": 75.0, "percent_branches_covered_display": "75"}, "missing_lines": [49], "excluded_lines": [], "start_line": 47, "executed_branches": [[48, 51], [57, 58], [57, 65]], "missing_branches": [[48, 49]]}, "read_assets_summary": {"executed_lines": [69, 72, 73, 74, 78], "summary": {"covered_lines": 5, "num_statements": 8, "percent_covered": 60.0, "percent_covered_display": "60", "missing_lines": 3, "excluded_lines": 0, "percent_statements_covered": 62.5, "percent_statements_covered_display": "62", "num_branches": 2, "num_partial_branches": 1, "covered_branches": 1, "missing_branches": 1, "percent_branches_covered": 50.0, "percent_branches_covered_display": "50"}, "missing_lines": [70, 75, 76], "excluded_lines": [], "start_line": 68, "executed_branches": [[69, 72]], "missing_branches": [[69, 70]]}, "main": {"executed_lines": [86, 89, 90, 105, 107, 108, 110, 114, 115, 118, 121, 124, 125, 126, 127, 128, 133, 136, 144, 145, 149, 150, 151, 152, 154, 155, 156, 157, 159, 162, 174, 176, 177, 178, 180, 181, 190, 192, 193, 194, 196], "summary": {"covered_lines": 41, "num_statements": 52, "percent_covered": 72.85714285714286, "percent_covered_display": "73", "missing_lines": 11, "excluded_lines": 0, "percent_statements_covered": 78.84615384615384, "percent_statements_covered_display": "79", "num_branches": 18, "num_partial_branches": 6, "covered_branches": 10, "missing_branches": 8, "percent_branches_covered": 55.55555555555556, "percent_branches_covered_display": "56"}, "missing_lines": [111, 129, 130, 147, 182, 183, 184, 185, 186, 187, 188], "excluded_lines": [], "start_line": 85, "executed_branches": [[110, 114], [127, 128], [144, 145], [149, 150], [151, 152], [151, 154], [154, 155], [156, 157], [156, 159], [181, 190]], "missing_branches": [[110, 111], [127, 133], [144, 147], [149, 154], [154, 159], [181, 182], [185, 186], [185, 192]]}, "": {"executed_lines": [12, 13, 14, 15, 16, 17, 18, 19, 21, 22, 23, 24, 27, 33, 47, 68, 85, 199], "summary": {"covered_lines": 18, "num_statements": 19, "percent_covered": 90.47619047619048, "percent_covered_display": "90", "missing_lines": 1, "excluded_lines": 0, "percent_statements_covered": 94.73684210526316, "percent_statements_covered_display": "95", "num_branches": 2, "num_partial_branches": 1, "covered_branches": 1, "missing_branches": 1, "percent_branches_covered": 50.0, "percent_branches_covered_display": "50"}, "missing_lines": [200], "excluded_lines": [], "start_line": 1, "executed_branches": [[199, -1]], "missing_branches": [[199, 200]]}}, "classes": {"": {"executed_lines": [12, 13, 14, 15, 16, 17, 18, 19, 21, 22, 23, 24, 27, 33, 34, 35, 36, 37, 38, 40, 41, 42, 44, 47, 48, 51, 52, 54, 55, 56, 57, 58, 65, 68, 69, 72, 73, 74, 78, 85, 86, 89, 90, 105, 107, 108, 110, 114, 115, 118, 121, 124, 125, 126, 127, 128, 133, 136, 144, 145, 149, 150, 151, 152, 154, 155, 156, 157, 159, 162, 174, 176, 177, 178, 180, 181, 190, 192, 193, 194, 196, 199], "summary": {"covered_lines": 82, "num_statements": 101, "percent_covered": 75.18796992481202, "percent_covered_display": "75", "missing_lines": 19, "excluded_lines": 0, "percent_statements_covered": 81.18811881188118, "percent_statements_covered_display": "81", "num_branches": 32, "num_partial_branches": 10, "covered_branches": 18, "missing_branches": 14, "percent_branches_covered": 56.25, "percent_branches_covered_display": "56"}, "missing_lines": [28, 29, 30, 49, 70, 75, 76, 111, 129, 130, 147, 182, 183, 184, 185, 186, 187, 188, 200], "excluded_lines": [], "start_line": 1, "executed_branches": [[37, 38], [41, 42], [41, 44], [48, 51], [57, 58], [57, 65], [69, 72], [110, 114], [127, 128], [144, 145], [149, 150], [151, 152], [151, 154], [154, 155], [156, 157], [156, 159], [181, 190], [199, -1]], "missing_branches": [[28, 29], [28, 30], [37, 40], [48, 49], [69, 70], [110, 111], [127, 133], [144, 147], [149, 154], [154, 159], [181, 182], [185, 186], [185, 192], [199, 200]]}}}}, "totals": {"covered_lines": 327, "num_statements": 362, "percent_covered": 86.9140625, "percent_covered_display": "87", "missing_lines": 35, "excluded_lines": 0, "percent_statements_covered": 90.33149171270718, "percent_statements_covered_display": "90", "num_branches": 150, "num_partial_branches": 26, "covered_branches": 118, "missing_branches": 32, "percent_branches_covered": 78.66666666666667, "percent_branches_covered_display": "79"}}