{"meta": {"format": 3, "version": "7.16.1", "timestamp": "2026-09-16T00:31:35.660208", "branch_coverage": true, "show_contexts": false}, "files": {"generate_assets_data.py": {"executed_lines": [1, 2, 3, 4, 5, 7, 8, 9, 10, 11, 16, 17, 18, 19, 20, 23, 24, 25, 28, 29, 32, 33, 34, 35, 37, 38, 46, 47, 48, 50, 51, 53, 54, 56, 59, 67, 68, 71, 72, 75, 76, 79, 80, 83, 85, 92, 93, 94, 95, 96, 98, 101, 102, 103, 105, 106, 107, 108, 110, 111, 112, 116, 117, 118, 120, 121, 122, 124, 125, 127, 128, 129, 131, 132, 133, 134, 136, 138, 141, 142, 143, 145, 146, 148, 149, 150, 152, 153, 155, 156, 163, 164, 165, 167, 168, 170, 178, 179, 181, 182, 183, 186, 187, 190, 191, 195, 198, 199, 202, 213, 214, 216, 219, 220, 223, 228, 231, 232, 233, 236, 237, 238, 239, 241, 246, 247, 249, 254, 256, 260, 261, 262, 263, 267, 273], "summary": {"covered_lines": 135, "num_statements": 155, "percent_covered": 81.77777777777777, "percent_covered_display": "82", "missing_lines": 20, "excluded_lines": 0, "percent_statements_covered": 87.09677419354838, "percent_statements_covered_display": "87", "num_branches": 70, "num_partial_branches": 17, "covered_branches": 49, "missing_branches": 21, "percent_branches_covered": 70.0, "percent_branches_covered_display": "70"}, "missing_lines": [57, 69, 73, 77, 81, 113, 114, 184, 200, 242, 243, 244, 250, 251, 252, 257, 258, 265, 274, 276], "excluded_lines": [], "executed_branches": [[34, 35], [34, 37], [47, 48], [50, 51], [50, 53], [56, 59], [68, 71], [72, 75], [76, 79], [80, 83], [93, 94], [93, 95], [95, 96], [95, 98], [102, 103], [110, 111], [110, 138], [112, 116], [116, 117], [116, 120], [120, 121], [120, 124], [127, 128], [127, 131], [132, 133], [132, 136], [142, 143], [148, 149], [148, 170], [152, 153], [152, 155], [163, 164], [163, 167], [164, 165], [181, 182], [181, 195], [183, 186], [186, 187], [186, 190], [190, 181], [190, 191], [199, 202], [241, 246], [249, 254], [256, 260], [260, 261], [262, 263], [262, 267], [273, -1]], "missing_branches": [[47, 50], [56, 57], [68, 69], [72, 73], [76, 77], [80, 81], [102, 105], [112, 113], [142, 145], [164, 163], [183, 184], [199, 200], [241, 242], [243, 244], [243, 246], [249, 250], [251, 252], [251, 254], [256, 257], [260, 265], [273, 274]], "functions": {"normalize_name": {"executed_lines": [17, 18, 19, 20], "summary": {"covered_lines": 4, "num_statements": 4, "percent_covered": 100.0, "percent_covered_display": "100", "missing_lines": 0, "excluded_lines": 0, "percent_statements_covered": 100.0, "percent_statements_covered_display": "100", "num_branches": 0, "num_partial_branches": 0, "covered_branches": 0, "missing_branches": 0, "percent_branches_covered": 100.0, "percent_branches_covered_display": "100"}, "missing_lines": [], "excluded_lines": [], "start_line": 16, "executed_branches": [], "missing_branches": []}, "format_name": {"executed_lines": [24, 25], "summary": {"covered_lines": 2, "num_statements": 2, "percent_covered": 100.0, "percent_covered_display": "100", "missing_lines": 0, "excluded_lines": 0, "percent_statements_covered": 100.0, "percent_statements_covered_display": "100", "num_branches": 0, "num_partial_branches": 0, "covered_branches": 0, "missing_branches": 0, "percent_branches_covered": 100.0, "percent_branches_covered_display": "100"}, "missing_lines": [], "excluded_lines": [], "start_line": 23, "executed_branches": [], "missing_branches": []}, "normalize_file_path": {"executed_lines": [29], "summary": {"covered_lines": 1, "num_statements": 1, "percent_covered": 100.0, "percent_covered_display": "100", "missing_lines": 0, "excluded_lines": 0, "percent_statements_covered": 100.0, "percent_statements_covered_display": "100", "num_branches": 0, "num_partial_branches": 0, "covered_branches": 0, "missing_branches": 0, "percent_branches_covered": 100.0, "percent_branches_covered_display": "100"}, "missing_lines": [], "excluded_lines": [], "start_line": 28, "executed_branches": [], "missing_branches": []}, "get_file_metadata": {"executed_lines": [33, 34, 35, 37, 38], "summary": {"covered_lines": 5, "num_statements": 5, "percent_covered": 100.0, "percent_covered_display": "100", "missing_lines": 0, "excluded_lines": 0, "percent_statements_covered": 100.0, "percent_statements_covered_display": "100", "num_branches": 2, "num_partial_branches": 0, "covered_branches": 2, "missing_branches": 0, "percent_branches_covered": 100.0, "percent_branches_covered_display": "100"}, "missing_lines": [], "excluded_lines": [], "start_line": 32, "executed_branches": [[34, 35], [34, 37]], "missing_branches": []}, "load_assets": {"executed_lines": [47, 48, 50, 51, 53, 54, 56, 59], "summary": {"covered_lines": 8, "num_statements": 9, "percent_covered": 80.0, "percent_covered_display": "80", "missing_lines": 1, "excluded_lines": 0, "percent_statements_covered": 88.88888888888889, "percent_statements_covered_display": "89", "num_branches": 6, "num_partial_branches": 2, "covered_branches": 4, "missing_branches": 2, "percent_branches_covered": 66.66666666666667, "percent_branches_covered_display": "67"}, "missing_lines": [57], "excluded_lines": [], "start_line": 46, "executed_branches": [[47, 48], [50, 51], [50, 53], [56, 59]], "missing_branches": [[47, 50], [56, 57]]}, "normalize_asset": {"executed_lines": [68, 71, 72, 75, 76, 79, 80, 83, 85, 92, 93, 94, 95, 96, 98], "summary": {"covered_lines": 15, "num_statements": 19, "percent_covered": 74.19354838709677, "percent_covered_display": "74", "missing_lines": 4, "excluded_lines": 0, "percent_statements_covered": 78.94736842105263, "percent_statements_covered_display": "79", "num_branches": 12, "num_partial_branches": 4, "covered_branches": 8, "missing_branches": 4, "percent_branches_covered": 66.66666666666667, "percent_branches_covered_display": "67"}, "missing_lines": [69, 73, 77, 81], "excluded_lines": [], "start_line": 67, "executed_branches": [[68, 71], [72, 75], [76, 79], [80, 83], [93, 94], [93, 95], [95, 96], [95, 98]], "missing_branches": [[68, 69], [72, 73], [76, 77], [80, 81]]}, "validate_assets": {"executed_lines": [102, 103, 105, 106, 107, 108, 110, 111, 112, 116, 117, 118, 120, 121, 122, 124, 125, 127, 128, 129, 131, 132, 133, 134, 136, 138], "summary": {"covered_lines": 26, "num_statements": 28, "percent_covered": 90.47619047619048, "percent_covered_display": "90", "missing_lines": 2, "excluded_lines": 0, "percent_statements_covered": 92.85714285714286, "percent_statements_covered_display": "93", "num_branches": 14, "num_partial_branches": 2, "covered_branches": 12, "missing_branches": 2, "percent_branches_covered": 85.71428571428571, "percent_branches_covered_display": "86"}, "missing_lines": [113, 114], "excluded_lines": [], "start_line": 101, "executed_branches": [[102, 103], [110, 111], [110, 138], [112, 116], [116, 117], [116, 120], [120, 121], [120, 124], [127, 128], [127, 131], [132, 133], [132, 136]], "missing_branches": [[102, 105], [112, 113]]}, "collect_new_assets": {"executed_lines": [142, 143, 145, 146, 148, 149, 150, 152, 153, 155, 156, 163, 164, 165, 167, 168, 170], "summary": {"covered_lines": 17, "num_statements": 17, "percent_covered": 92.5925925925926, "percent_covered_display": "93", "missing_lines": 0, "excluded_lines": 0, "percent_statements_covered": 100.0, "percent_statements_covered_display": "100", "num_branches": 10, "num_partial_branches": 2, "covered_branches": 8, "missing_branches": 2, "percent_branches_covered": 80.0, "percent_branches_covered_display": "80"}, "missing_lines": [], "excluded_lines": [], "start_line": 141, "executed_branches": [[142, 143], [148, 149], [148, 170], [152, 153], [152, 155], [163, 164], [163, 167], [164, 165]], "missing_branches": [[142, 145], [164, 163]]}, "warn_large_files": {"executed_lines": [179, 181, 182, 183, 186, 187, 190, 191, 195], "summary": {"covered_lines": 9, "num_statements": 10, "percent_covered": 88.88888888888889, "percent_covered_display": "89", "missing_lines": 1, "excluded_lines": 0, "percent_statements_covered": 90.0, "percent_statements_covered_display": "90", "num_branches": 8, "num_partial_branches": 1, "covered_branches": 7, "missing_branches": 1, "percent_branches_covered": 87.5, "percent_branches_covered_display": "88"}, "missing_lines": [184], "excluded_lines": [], "start_line": 178, "executed_branches": [[181, 182], [181, 195], [183, 186], [186, 187], [186, 190], [190, 181], [190, 191]], "missing_branches": [[183, 184]]}, "generate_report": {"executed_lines": [199, 202, 213, 214, 216], "summary": {"covered_lines": 5, "num_statements": 6, "percent_covered": 75.0, "percent_covered_display": "75", "missing_lines": 1, "excluded_lines": 0, "percent_statements_covered": 83.33333333333333, "percent_statements_covered_display": "83", "num_branches": 2, "num_partial_branches": 1, "covered_branches": 1, "missing_branches": 1, "percent_branches_covered": 50.0, "percent_branches_covered_display": "50"}, "missing_lines": [200], "excluded_lines": [], "start_line": 198, "executed_branches": [[199, 202]], "missing_branches": [[199, 200]]}, "parse_args": {"executed_lines": [220, 223, 228], "summary": {"covered_lines": 3, "num_statements": 3, "percent_covered": 100.0, "percent_covered_display": "100", "missing_lines": 0, "excluded_lines": 0, "percent_statements_covered": 100.0, "percent_statements_covered_display": "100", "num_branches": 0, "num_partial_branches": 0, "covered_branches": 0, "missing_branches": 0, "percent_branches_covered": 100.0, "percent_branches_covered_display": "100"}, "missing_lines": [], "excluded_lines": [], "start_line": 219, "executed_branches": [], "missing_branches": []}, "persist_assets": {"executed_lines": [232, 233], "summary": {"covered_lines": 2, "num_statements": 2, "percent_covered": 100.0, "percent_covered_display": "100", "missing_lines": 0, "excluded_lines": 0, "percent_statements_covered": 100.0, "percent_statements_covered_display": "100", "num_branches": 0, "num_partial_branches": 0, "covered_branches": 0, "missing_branches": 0, "percent_branches_covered": 100.0, "percent_branches_covered_display": "100"}, "missing_lines": [], "excluded_lines": [], "start_line": 231, "executed_branches": [], "missing_branches": []}, "main": {"executed_lines": [237, 238, 239, 241, 246, 247, 249, 254, 256, 260, 261, 262, 263, 267], "summary": {"covered_lines": 14, "num_statements": 23, "percent_covered": 54.054054054054056, "percent_covered_display": "54", "missing_lines": 9, "excluded_lines": 0, "percent_statements_covered": 60.869565217391305, "percent_statements_covered_display": "61", "num_branches": 14, "num_partial_branches": 4, "covered_branches": 6, "missing_branches": 8, "percent_branches_covered": 42.857142857142854, "percent_branches_covered_display": "43"}, "missing_lines": [242, 243, 244, 250, 251, 252, 257, 258, 265], "excluded_lines": [], "start_line": 236, "executed_branches": [[241, 246], [249, 254], [256, 260], [260, 261], [262, 263], [262, 267]], "missing_branches": [[241, 242], [243, 244], [243, 246], [249, 250], [251, 252], [251, 254], [256, 257], [260, 265]]}, "": {"executed_lines": [1, 2, 3, 4, 5, 7, 8, 9, 10, 11, 16, 23, 28, 32, 46, 67, 101, 141, 178, 198, 219, 231, 236, 273], "summary": {"covered_lines": 24, "num_statements": 26, "percent_covered": 89.28571428571429, "percent_covered_display": "89", "missing_lines": 2, "excluded_lines": 0, "percent_statements_covered": 92.3076923076923, "percent_statements_covered_display": "92", "num_branches": 2, "num_partial_branches": 1, "covered_branches": 1, "missing_branches": 1, "percent_branches_covered": 50.0, "percent_branches_covered_display": "50"}, "missing_lines": [274, 276], "excluded_lines": [], "start_line": 1, "executed_branches": [[273, -1]], "missing_branches": [[273, 274]]}}, "classes": {"": {"executed_lines": [1, 2, 3, 4, 5, 7, 8, 9, 10, 11, 16, 17, 18, 19, 20, 23, 24, 25, 28, 29, 32, 33, 34, 35, 37, 38, 46, 47, 48, 50, 51, 53, 54, 56, 59, 67, 68, 71, 72, 75, 76, 79, 80, 83, 85, 92, 93, 94, 95, 96, 98, 101, 102, 103, 105, 106, 107, 108, 110, 111, 112, 116, 117, 118, 120, 121, 122, 124, 125, 127, 128, 129, 131, 132, 133, 134, 136, 138, 141, 142, 143, 145, 146, 148, 149, 150, 152, 153, 155, 156, 163, 164, 165, 167, 168, 170, 178, 179, 181, 182, 183, 186, 187, 190, 191, 195, 198, 199, 202, 213, 214, 216, 219, 220, 223, 228, 231, 232, 233, 236, 237, 238, 239, 241, 246, 247, 249, 254, 256, 260, 261, 262, 263, 267, 273], "summary": {"covered_lines": 135, "num_statements": 155, "percent_covered": 81.77777777777777, "percent_covered_display": "82", "missing_lines": 20, "excluded_lines": 0, "percent_statements_covered": 87.09677419354838, "percent_statements_covered_display": "87", "num_branches": 70, "num_partial_branches": 17, "covered_branches": 49, "missing_branches": 21, "percent_branches_covered": 70.0, "percent_branches_covered_display": "70"}, "missing_lines": [57, 69, 73, 77, 81, 113, 114, 184, 200, 242, 243, 244, 250, 251, 252, 257, 258, 265, 274, 276], "excluded_lines": [], "start_line": 1, "executed_branches": [[34, 35], [34, 37], [47, 48], [50, 51], [50, 53], [56, 59], [68, 71], [72, 75], [76, 79], [80, 83], [93, 94], [93, 95], [95, 96], [95, 98], [102, 103], [110, 111], [110, 138], [112, 116], [116, 117], [116, 120], [120, 121], [120, 124], [127, 128], [127, 131], [132, 133], [132, 136], [142, 143], [148, 149], [148, 170], [152, 153], [152, 155], [163, 164], [163, 167], [164, 165], [181, 182], [181, 195], [183, 186], [186, 187], [186, 190], [190, 181], [190, 191], [199, 202], [241, 246], [249, 254], [256, 260], [260, 261], [262, 263], [262, 267], [273, -1]], "missing_branches": [[47, 50], [56, 57], [68, 69], [72, 73], [76, 77], [80, 81], [102, 105], [112, 113], [142, 145], [164, 163], [183, 184], [199, 200], [241, 242], [243, 244], [243, 246], [249, 250], [251, 252], [251, 254], [256, 257], [260, 265], [273, 274]]}}}}, "totals": {"covered_lines": 135, "num_statements": 155, "percent_covered": 81.77777777777777, "percent_covered_display": "82", "missing_lines": 20, "excluded_lines": 0, "percent_statements_covered": 87.09677419354838, "percent_statements_covered_display": "87", "num_branches": 70, "num_partial_branches": 17, "covered_branches": 49, "missing_branches": 21, "percent_branches_covered": 70.0, "percent_branches_covered_display": "70"}}